  MemoryAccess.cpp
C:\Program Files\Microsoft Visual Studio\2022\Community\VC\Tools\MSVC\14.41.34120\include\xutility(4689,18): warning C4244: "=": konwersja z "WCHAR" do "char", możliwa utrata danych
  (kompilowanie pliku źródłowego „src/MemoryAccess.cpp”)
      C:\Program Files\Microsoft Visual Studio\2022\Community\VC\Tools\MSVC\14.41.34120\include\xutility(4689,18):
      kontekst tworzenia wystąpienia szablonu (najpierw najstarszy) to
          C:\Users\0x55\source\repos\MemoryAccess\MemoryAccess\src\processHandler.hpp(88,35):
          zobacz odwołanie do kompilowanego tworzenia wystąpienia „std::basic_string<char,std::char_traits<char>,std::allocator<char>>::basic_string<WCHAR*,0>(_Iter,_Iter,const _Alloc &)” funkcji szablon
          with
          [
              _Iter=WCHAR *,
              _Alloc=std::allocator<char>
          ]
              C:\Users\0x55\source\repos\MemoryAccess\MemoryAccess\src\processHandler.hpp(88,23):
              zobacz pierwsze odwołanie do elementu „std::basic_string<char,std::char_traits<char>,std::allocator<char>>::basic_string” w „Process::GetModuleNames”
          C:\Program Files\Microsoft Visual Studio\2022\Community\VC\Tools\MSVC\14.41.34120\include\xstring(793,17):
          zobacz odwołanie do kompilowanego tworzenia wystąpienia „void std::basic_string<char,std::char_traits<char>,std::allocator<char>>::_Construct_from_iter<WCHAR*,WCHAR*,_Size_type>(_Iter,const _Sent,_Size)” funkcji szablon
          with
          [
              _Size_type=unsigned __int64,
              _Iter=WCHAR *,
              _Sent=WCHAR *,
              _Size=unsigned __int64
          ]
          C:\Program Files\Microsoft Visual Studio\2022\Community\VC\Tools\MSVC\14.41.34120\include\xstring(949,18):
          zobacz odwołanie do kompilowanego tworzenia wystąpienia „_OutIt *std::_Copy_n_unchecked4<WCHAR*,_Size,char*>(_InIt,_SizeTy,_OutIt)” funkcji szablon
          with
          [
              _OutIt=char *,
              _Size=unsigned __int64,
              _InIt=WCHAR *,
              _SizeTy=unsigned __int64
          ]
  
  MemoryAccess.vcxproj -> C:\Users\0x55\source\repos\MemoryAccess\MemoryAccess\x64\Debug\MemoryAccess.exe
